2023-06-26 09:26:22[ INFO ]Project: >>copyConstructor复制时ProjectEntity为null时的构造方法测试成功
2023-06-26 09:26:22[ INFO ]Project: >>allArgsConstructor全参构造测试成功
2023-06-26 09:26:23[ INFO ]Questionnaire: >>copyConstructor复制时QuestionnaireEntity为null时的构造方法测试成功
2023-06-26 09:26:23[ INFO ]Questionnaire: >>copyConstructor复制时QuestionnaireEntity不为null时的构造方法测试成功
2023-06-26 09:26:23[ INFO ]Questionnaire: >>allArgsConstructor全参构造测试成功
2023-06-26 09:26:23[ INFO ]Questionnaire: >>set复制时Questionnaire的Set方法测试成功
2023-06-26 09:26:23[ INFO ]User: >>copyConstructor复制时UserEntity为null时的构造方法测试成功
2023-06-26 09:26:23[ INFO ]User: >>allArgsConstructor全参构造测试成功
2023-06-26 09:26:23[ INFO ]ChangeRequest: >>ChangeRequestToString测试成功
2023-06-26 09:26:23[ INFO ]ChangeRequest: >>ChangeRequestSetter测试成功
2023-06-26 09:26:23[ INFO ]LoginRequest: >>LoginRequest全参构造测试成功
2023-06-26 09:26:23[ INFO ]LoginRequest: >>LoginRequestToString测试成功
2023-06-26 09:26:28[ INFO ]ProjectController: >>updateProject更新项目测试成功
2023-06-26 09:26:28[ INFO ]ProjectController: >>selectProjectById根据id查询项目测试成功
2023-06-26 09:26:29[ INFO ]ProjectController: >>updateProject更新项目测试成功
2023-06-26 09:26:29[ INFO ]ProjectController: >>selectProjectByName根据名称查询项目测试成功
2023-06-26 09:26:29[ INFO ]ProjectController: >>selectAllProject所有项目查询测试成功
2023-06-26 09:26:29[ INFO ]ProjectController: >>insertProject插入项目测试成功
2023-06-26 09:26:29[ INFO ]QuestionnaireController: >>selectAllQuestionnaire所有问卷查询测试成功
2023-06-26 09:26:29[ INFO ]QuestionnaireController: >>selectQuestionnaireById根据id查询问卷测试成功
2023-06-26 09:26:29[ INFO ]QuestionnaireController: >>insertQuestionnaire新增问卷测试成功
2023-06-26 09:26:29[ INFO ]QuestionnaireController: >>updateQuestionnaire更新问卷测试成功
2023-06-26 09:26:29[ INFO ]QuestionnaireController: >>deleteQuestionnaire删除问卷测试成功
2023-06-26 09:26:29[ INFO ]TestController: >>test测试成功
2023-06-26 09:26:29[ INFO ]UserController: >>login登录测试成功
2023-06-26 09:26:29[ INFO ]Project: >>copyConstructor复制时Project为null时的构造方法测试成功
2023-06-26 09:26:29[ INFO ]Project: >>allArgsConstructor全参构造测试成功
2023-06-26 09:26:29[ INFO ]QuestionnaireEntity: >>copyConstructor复制时Questionnaire为null时的构造方法测试成功
2023-06-26 09:26:29[ INFO ]Questionnaire: >>noArgsConstructor无参构造测试成功
2023-06-26 09:26:29[ INFO ]Questionnaire: >>allArgsConstructor全参构造测试成功
2023-06-26 09:26:29[ INFO ]QuestionnaireEntity: >>setSet方法测试成功
2023-06-26 09:26:29[ INFO ]UserEntity: >>copyConstructor复制时User为null时的构造方法测试成功
2023-06-26 09:26:29[ INFO ]UserEntity: >>allArgsConstructor全参构造测试成功
2023-06-26 09:26:29[ INFO ]ProjectEntityMapper: >>selectProjectById根据id查询项目测试成功
2023-06-26 09:26:30[ INFO ]ProjectEntityMapper: >>selectProjectByName根据名称查询项目测试成功
2023-06-26 09:26:30[ ERROR ]ProjectEntityMapper: >>deleteProjectById删除项目测试失败
2023-06-26 09:26:30[ INFO ]ProjectEntityMapper: >>selectAllProject查询所有项目测试成功
2023-06-26 09:26:30[ INFO ]ProjectEntityMapper: >>insertProject增加项目测试成功
2023-06-26 09:26:31[ INFO ]ProjectEntityMapper: >>updateProjectById修改项目测试成功
2023-06-26 09:26:31[ INFO ]QuestionnaireEntityMapper: >>insertOneTest添加问卷测试成功
2023-06-26 09:26:31[ ERROR ]QuestionnaireEntityMapper: >>deleteOneTest删除问卷测试失败
2023-06-26 09:26:31[ ERROR ]QuestionnaireEntityMapper: >>selectOneTest查询一个问卷测试失败
2023-06-26 09:26:31[ INFO ]QuestionnaireEntityMapper: >>selectAllTest查询所有问卷测试成功
2023-06-26 09:26:32[ ERROR ]QuestionnaireEntityMapper: >>updateOneTest更新问卷测试失败
2023-06-26 09:26:32[ ERROR ]UserEntityMapper: >>login登录测试失败
2023-06-26 09:26:32[ ERROR ]UserEntityMapper: >>deleteUser用户删除测试失败
2023-06-26 09:26:32[ ERROR ]UserEntityMapper: >>updateUser用户更新测试失败
2023-06-26 09:26:33[ INFO ]UserEntityMapper: >>updatePasswordByUsername用户密码修改测试成功
2023-06-26 09:26:33[ INFO ]UserEntityMapper: >>selectAll所有用户查询测试成功
2023-06-26 09:26:33[ INFO ]UserEntityMapper: >>selectPasswordByUsername用户密码查询测试成功
2023-06-26 09:26:33[ INFO ]UserEntityMapper: >>insertUser用户插入测试成功
2023-06-26 09:26:33[ INFO ]UserEntityMapper: >>selectUser用户查询测试成功
2023-06-26 09:28:02[ INFO ]Project: >>copyConstructor复制时ProjectEntity为null时的构造方法测试成功
2023-06-26 09:28:02[ INFO ]Project: >>allArgsConstructor全参构造测试成功
2023-06-26 09:28:02[ INFO ]Questionnaire: >>copyConstructor复制时QuestionnaireEntity为null时的构造方法测试成功
2023-06-26 09:28:02[ INFO ]Questionnaire: >>copyConstructor复制时QuestionnaireEntity不为null时的构造方法测试成功
2023-06-26 09:28:02[ INFO ]Questionnaire: >>allArgsConstructor全参构造测试成功
2023-06-26 09:28:02[ INFO ]Questionnaire: >>set复制时Questionnaire的Set方法测试成功
2023-06-26 09:28:02[ INFO ]User: >>copyConstructor复制时UserEntity为null时的构造方法测试成功
2023-06-26 09:28:02[ INFO ]User: >>allArgsConstructor全参构造测试成功
2023-06-26 09:28:02[ INFO ]ChangeRequest: >>ChangeRequestToString测试成功
2023-06-26 09:28:02[ INFO ]ChangeRequest: >>ChangeRequestSetter测试成功
2023-06-26 09:28:02[ INFO ]LoginRequest: >>LoginRequest全参构造测试成功
2023-06-26 09:28:02[ INFO ]LoginRequest: >>LoginRequestToString测试成功
2023-06-26 09:28:05[ INFO ]ProjectController: >>updateProject更新项目测试成功
2023-06-26 09:28:05[ INFO ]ProjectController: >>selectProjectById根据id查询项目测试成功
2023-06-26 09:28:05[ INFO ]ProjectController: >>updateProject更新项目测试成功
2023-06-26 09:28:05[ INFO ]ProjectController: >>selectProjectByName根据名称查询项目测试成功
2023-06-26 09:28:05[ INFO ]ProjectController: >>selectAllProject所有项目查询测试成功
2023-06-26 09:28:05[ INFO ]ProjectController: >>insertProject插入项目测试成功
2023-06-26 09:28:05[ INFO ]QuestionnaireController: >>selectAllQuestionnaire所有问卷查询测试成功
2023-06-26 09:28:05[ INFO ]QuestionnaireController: >>selectQuestionnaireById根据id查询问卷测试成功
2023-06-26 09:28:05[ INFO ]QuestionnaireController: >>insertQuestionnaire新增问卷测试成功
2023-06-26 09:28:05[ INFO ]QuestionnaireController: >>updateQuestionnaire更新问卷测试成功
2023-06-26 09:28:05[ INFO ]QuestionnaireController: >>deleteQuestionnaire删除问卷测试成功
2023-06-26 09:28:05[ INFO ]TestController: >>test测试成功
2023-06-26 09:28:05[ INFO ]Project: >>copyConstructor复制时Project为null时的构造方法测试成功
2023-06-26 09:28:05[ INFO ]Project: >>allArgsConstructor全参构造测试成功
2023-06-26 09:28:05[ INFO ]QuestionnaireEntity: >>copyConstructor复制时Questionnaire为null时的构造方法测试成功
2023-06-26 09:28:05[ INFO ]Questionnaire: >>noArgsConstructor无参构造测试成功
2023-06-26 09:28:05[ INFO ]Questionnaire: >>allArgsConstructor全参构造测试成功
2023-06-26 09:28:05[ INFO ]QuestionnaireEntity: >>setSet方法测试成功
2023-06-26 09:28:05[ INFO ]UserEntity: >>copyConstructor复制时User为null时的构造方法测试成功
2023-06-26 09:28:05[ INFO ]UserEntity: >>allArgsConstructor全参构造测试成功
2023-06-26 09:28:06[ INFO ]ProjectEntityMapper: >>selectProjectById根据id查询项目测试成功
2023-06-26 09:28:06[ INFO ]ProjectEntityMapper: >>selectProjectByName根据名称查询项目测试成功
2023-06-26 09:28:06[ ERROR ]ProjectEntityMapper: >>deleteProjectById删除项目测试失败
2023-06-26 09:28:06[ INFO ]ProjectEntityMapper: >>selectAllProject查询所有项目测试成功
2023-06-26 09:28:06[ INFO ]ProjectEntityMapper: >>insertProject增加项目测试成功
2023-06-26 09:28:07[ INFO ]ProjectEntityMapper: >>updateProjectById修改项目测试成功
2023-06-26 09:28:07[ INFO ]QuestionnaireEntityMapper: >>insertOneTest添加问卷测试成功
2023-06-26 09:28:07[ ERROR ]QuestionnaireEntityMapper: >>deleteOneTest删除问卷测试失败
2023-06-26 09:28:07[ ERROR ]QuestionnaireEntityMapper: >>selectOneTest查询一个问卷测试失败
2023-06-26 09:28:08[ INFO ]QuestionnaireEntityMapper: >>selectAllTest查询所有问卷测试成功
2023-06-26 09:28:08[ ERROR ]QuestionnaireEntityMapper: >>updateOneTest更新问卷测试失败
2023-06-26 09:28:08[ ERROR ]UserEntityMapper: >>login登录测试失败
2023-06-26 09:28:08[ ERROR ]UserEntityMapper: >>deleteUser用户删除测试失败
2023-06-26 09:28:09[ ERROR ]UserEntityMapper: >>updateUser用户更新测试失败
2023-06-26 09:28:09[ INFO ]UserEntityMapper: >>updatePasswordByUsername用户密码修改测试成功
2023-06-26 09:28:09[ INFO ]UserEntityMapper: >>selectAll所有用户查询测试成功
2023-06-26 09:28:09[ INFO ]UserEntityMapper: >>selectPasswordByUsername用户密码查询测试成功
2023-06-26 09:28:09[ INFO ]UserEntityMapper: >>insertUser用户插入测试成功
2023-06-26 09:28:10[ INFO ]UserEntityMapper: >>selectUser用户查询测试成功
2023-06-26 09:48:44[ INFO ]Project: >>copyConstructor复制时ProjectEntity为null时的构造方法测试成功
2023-06-26 09:48:44[ INFO ]Project: >>allArgsConstructor全参构造测试成功
2023-06-26 09:48:44[ INFO ]Questionnaire: >>copyConstructor复制时QuestionnaireEntity为null时的构造方法测试成功
2023-06-26 09:48:44[ INFO ]Questionnaire: >>copyConstructor复制时QuestionnaireEntity不为null时的构造方法测试成功
2023-06-26 09:48:44[ INFO ]Questionnaire: >>allArgsConstructor全参构造测试成功
2023-06-26 09:48:44[ INFO ]Questionnaire: >>set复制时Questionnaire的Set方法测试成功
2023-06-26 09:48:44[ INFO ]User: >>copyConstructor复制时UserEntity为null时的构造方法测试成功
2023-06-26 09:48:44[ INFO ]User: >>allArgsConstructor全参构造测试成功
2023-06-26 09:48:44[ INFO ]ChangeRequest: >>ChangeRequestToString测试成功
2023-06-26 09:48:44[ INFO ]ChangeRequest: >>ChangeRequestSetter测试成功
2023-06-26 09:48:44[ INFO ]LoginRequest: >>LoginRequest全参构造测试成功
2023-06-26 09:48:44[ INFO ]LoginRequest: >>LoginRequestToString测试成功
2023-06-26 09:48:47[ INFO ]ProjectController: >>updateProject更新项目测试成功
2023-06-26 09:48:47[ INFO ]ProjectController: >>selectProjectById根据id查询项目测试成功
2023-06-26 09:48:47[ INFO ]ProjectController: >>updateProject更新项目测试成功
2023-06-26 09:48:47[ INFO ]ProjectController: >>selectProjectByName根据名称查询项目测试成功
2023-06-26 09:48:47[ INFO ]ProjectController: >>selectAllProject所有项目查询测试成功
2023-06-26 09:48:47[ INFO ]ProjectController: >>insertProject插入项目测试成功
2023-06-26 09:48:47[ INFO ]QuestionnaireController: >>selectAllQuestionnaire所有问卷查询测试成功
2023-06-26 09:48:47[ INFO ]QuestionnaireController: >>selectQuestionnaireById根据id查询问卷测试成功
2023-06-26 09:48:47[ INFO ]QuestionnaireController: >>insertQuestionnaire新增问卷测试成功
2023-06-26 09:48:47[ INFO ]QuestionnaireController: >>updateQuestionnaire更新问卷测试成功
2023-06-26 09:48:47[ INFO ]QuestionnaireController: >>deleteQuestionnaire删除问卷测试成功
2023-06-26 09:48:47[ INFO ]TestController: >>test测试成功
2023-06-26 09:48:47[ INFO ]Project: >>copyConstructor复制时Project为null时的构造方法测试成功
2023-06-26 09:48:47[ INFO ]Project: >>allArgsConstructor全参构造测试成功
2023-06-26 09:48:47[ INFO ]QuestionnaireEntity: >>copyConstructor复制时Questionnaire为null时的构造方法测试成功
2023-06-26 09:48:47[ INFO ]Questionnaire: >>noArgsConstructor无参构造测试成功
2023-06-26 09:48:47[ INFO ]Questionnaire: >>allArgsConstructor全参构造测试成功
2023-06-26 09:48:47[ INFO ]QuestionnaireEntity: >>setSet方法测试成功
2023-06-26 09:48:47[ INFO ]UserEntity: >>copyConstructor复制时User为null时的构造方法测试成功
2023-06-26 09:48:47[ INFO ]UserEntity: >>allArgsConstructor全参构造测试成功
2023-06-26 09:48:48[ INFO ]ProjectEntityMapper: >>selectProjectById根据id查询项目测试成功
2023-06-26 09:48:48[ INFO ]ProjectEntityMapper: >>selectProjectByName根据名称查询项目测试成功
2023-06-26 09:48:48[ ERROR ]ProjectEntityMapper: >>deleteProjectById删除项目测试失败
2023-06-26 09:48:48[ INFO ]ProjectEntityMapper: >>selectAllProject查询所有项目测试成功
2023-06-26 09:48:49[ INFO ]ProjectEntityMapper: >>insertProject增加项目测试成功
2023-06-26 09:48:49[ INFO ]ProjectEntityMapper: >>updateProjectById修改项目测试成功
2023-06-26 09:48:49[ INFO ]QuestionnaireEntityMapper: >>insertOneTest添加问卷测试成功
2023-06-26 09:48:49[ ERROR ]QuestionnaireEntityMapper: >>deleteOneTest删除问卷测试失败
2023-06-26 09:48:50[ ERROR ]QuestionnaireEntityMapper: >>selectOneTest查询一个问卷测试失败
2023-06-26 09:48:50[ INFO ]QuestionnaireEntityMapper: >>selectAllTest查询所有问卷测试成功
2023-06-26 09:48:50[ ERROR ]QuestionnaireEntityMapper: >>updateOneTest更新问卷测试失败
2023-06-26 09:48:50[ ERROR ]UserEntityMapper: >>login登录测试失败
2023-06-26 09:48:51[ ERROR ]UserEntityMapper: >>deleteUser用户删除测试失败
2023-06-26 09:48:51[ ERROR ]UserEntityMapper: >>updateUser用户更新测试失败
2023-06-26 09:48:51[ INFO ]UserEntityMapper: >>updatePasswordByUsername用户密码修改测试成功
2023-06-26 09:48:51[ INFO ]UserEntityMapper: >>selectAll所有用户查询测试成功
2023-06-26 09:48:51[ INFO ]UserEntityMapper: >>selectPasswordByUsername用户密码查询测试成功
2023-06-26 09:48:52[ INFO ]UserEntityMapper: >>insertUser用户插入测试成功
2023-06-26 09:48:52[ INFO ]UserEntityMapper: >>selectUser用户查询测试成功
2023-06-26 09:49:27[ INFO ]Project: >>copyConstructor复制时ProjectEntity为null时的构造方法测试成功
2023-06-26 09:49:27[ INFO ]Project: >>allArgsConstructor全参构造测试成功
2023-06-26 09:49:27[ INFO ]Questionnaire: >>copyConstructor复制时QuestionnaireEntity为null时的构造方法测试成功
2023-06-26 09:49:27[ INFO ]Questionnaire: >>copyConstructor复制时QuestionnaireEntity不为null时的构造方法测试成功
2023-06-26 09:49:27[ INFO ]Questionnaire: >>allArgsConstructor全参构造测试成功
2023-06-26 09:49:27[ INFO ]Questionnaire: >>set复制时Questionnaire的Set方法测试成功
2023-06-26 09:49:27[ INFO ]User: >>copyConstructor复制时UserEntity为null时的构造方法测试成功
2023-06-26 09:49:27[ INFO ]User: >>allArgsConstructor全参构造测试成功
2023-06-26 09:49:27[ INFO ]ChangeRequest: >>ChangeRequestToString测试成功
2023-06-26 09:49:27[ INFO ]ChangeRequest: >>ChangeRequestSetter测试成功
2023-06-26 09:49:27[ INFO ]LoginRequest: >>LoginRequest全参构造测试成功
2023-06-26 09:49:27[ INFO ]LoginRequest: >>LoginRequestToString测试成功
2023-06-26 09:49:30[ INFO ]ProjectController: >>updateProject更新项目测试成功
2023-06-26 09:49:30[ INFO ]ProjectController: >>selectProjectById根据id查询项目测试成功
2023-06-26 09:49:30[ INFO ]ProjectController: >>updateProject更新项目测试成功
2023-06-26 09:49:30[ INFO ]ProjectController: >>selectProjectByName根据名称查询项目测试成功
2023-06-26 09:49:30[ INFO ]ProjectController: >>selectAllProject所有项目查询测试成功
2023-06-26 09:49:30[ INFO ]ProjectController: >>insertProject插入项目测试成功
2023-06-26 09:49:30[ INFO ]QuestionnaireController: >>selectAllQuestionnaire所有问卷查询测试成功
2023-06-26 09:49:30[ INFO ]QuestionnaireController: >>selectQuestionnaireById根据id查询问卷测试成功
2023-06-26 09:49:30[ INFO ]QuestionnaireController: >>insertQuestionnaire新增问卷测试成功
2023-06-26 09:49:30[ INFO ]QuestionnaireController: >>updateQuestionnaire更新问卷测试成功
2023-06-26 09:49:30[ INFO ]QuestionnaireController: >>deleteQuestionnaire删除问卷测试成功
2023-06-26 09:49:30[ INFO ]TestController: >>test测试成功
2023-06-26 09:49:30[ INFO ]Project: >>copyConstructor复制时Project为null时的构造方法测试成功
2023-06-26 09:49:30[ INFO ]Project: >>allArgsConstructor全参构造测试成功
2023-06-26 09:49:30[ INFO ]QuestionnaireEntity: >>copyConstructor复制时Questionnaire为null时的构造方法测试成功
2023-06-26 09:49:30[ INFO ]Questionnaire: >>noArgsConstructor无参构造测试成功
2023-06-26 09:49:30[ INFO ]Questionnaire: >>allArgsConstructor全参构造测试成功
2023-06-26 09:49:30[ INFO ]QuestionnaireEntity: >>setSet方法测试成功
2023-06-26 09:49:30[ INFO ]UserEntity: >>copyConstructor复制时User为null时的构造方法测试成功
2023-06-26 09:49:30[ INFO ]UserEntity: >>allArgsConstructor全参构造测试成功
2023-06-26 09:49:30[ INFO ]ProjectEntityMapper: >>selectProjectById根据id查询项目测试成功
2023-06-26 09:49:31[ INFO ]ProjectEntityMapper: >>selectProjectByName根据名称查询项目测试成功
2023-06-26 09:49:31[ ERROR ]ProjectEntityMapper: >>deleteProjectById删除项目测试失败
2023-06-26 09:49:31[ INFO ]ProjectEntityMapper: >>selectAllProject查询所有项目测试成功
2023-06-26 09:49:31[ INFO ]ProjectEntityMapper: >>insertProject增加项目测试成功
2023-06-26 09:49:32[ INFO ]ProjectEntityMapper: >>updateProjectById修改项目测试成功
2023-06-26 09:49:32[ INFO ]QuestionnaireEntityMapper: >>insertOneTest添加问卷测试成功
2023-06-26 09:49:32[ ERROR ]QuestionnaireEntityMapper: >>deleteOneTest删除问卷测试失败
2023-06-26 09:49:32[ ERROR ]QuestionnaireEntityMapper: >>selectOneTest查询一个问卷测试失败
2023-06-26 09:49:33[ INFO ]QuestionnaireEntityMapper: >>selectAllTest查询所有问卷测试成功
2023-06-26 09:49:33[ ERROR ]QuestionnaireEntityMapper: >>updateOneTest更新问卷测试失败
2023-06-26 09:49:33[ ERROR ]UserEntityMapper: >>login登录测试失败
2023-06-26 09:49:33[ ERROR ]UserEntityMapper: >>deleteUser用户删除测试失败
2023-06-26 09:49:33[ ERROR ]UserEntityMapper: >>updateUser用户更新测试失败
2023-06-26 09:49:34[ INFO ]UserEntityMapper: >>updatePasswordByUsername用户密码修改测试成功
2023-06-26 09:49:34[ INFO ]UserEntityMapper: >>selectAll所有用户查询测试成功
2023-06-26 09:49:34[ INFO ]UserEntityMapper: >>selectPasswordByUsername用户密码查询测试成功
2023-06-26 09:49:34[ INFO ]UserEntityMapper: >>insertUser用户插入测试成功
2023-06-26 09:49:35[ INFO ]UserEntityMapper: >>selectUser用户查询测试成功
2023-06-26 10:00:31[ INFO ]Project: >>copyConstructor复制时ProjectEntity为null时的构造方法测试成功
2023-06-26 10:00:31[ INFO ]Project: >>allArgsConstructor全参构造测试成功
2023-06-26 10:00:31[ INFO ]Questionnaire: >>copyConstructor复制时QuestionnaireEntity为null时的构造方法测试成功
2023-06-26 10:00:31[ INFO ]Questionnaire: >>copyConstructor复制时QuestionnaireEntity不为null时的构造方法测试成功
2023-06-26 10:00:31[ INFO ]Questionnaire: >>allArgsConstructor全参构造测试成功
2023-06-26 10:00:31[ INFO ]Questionnaire: >>set复制时Questionnaire的Set方法测试成功
2023-06-26 10:00:31[ INFO ]User: >>copyConstructor复制时UserEntity为null时的构造方法测试成功
2023-06-26 10:00:31[ INFO ]User: >>allArgsConstructor全参构造测试成功
2023-06-26 10:00:31[ INFO ]ChangeRequest: >>ChangeRequestToString测试成功
2023-06-26 10:00:31[ INFO ]ChangeRequest: >>ChangeRequestSetter测试成功
2023-06-26 10:00:31[ INFO ]LoginRequest: >>LoginRequest全参构造测试成功
2023-06-26 10:00:31[ INFO ]LoginRequest: >>LoginRequestToString测试成功
2023-06-26 10:00:35[ INFO ]ProjectController: >>updateProject更新项目测试成功
2023-06-26 10:00:35[ INFO ]ProjectController: >>selectProjectById根据id查询项目测试成功
2023-06-26 10:00:35[ INFO ]ProjectController: >>updateProject更新项目测试成功
2023-06-26 10:00:35[ INFO ]ProjectController: >>selectProjectByName根据名称查询项目测试成功
2023-06-26 10:00:35[ INFO ]ProjectController: >>selectAllProject所有项目查询测试成功
2023-06-26 10:00:35[ INFO ]ProjectController: >>insertProject插入项目测试成功
2023-06-26 10:00:35[ INFO ]QuestionnaireController: >>selectAllQuestionnaire所有问卷查询测试成功
2023-06-26 10:00:35[ INFO ]QuestionnaireController: >>selectQuestionnaireById根据id查询问卷测试成功
2023-06-26 10:00:35[ INFO ]QuestionnaireController: >>insertQuestionnaire新增问卷测试成功
2023-06-26 10:00:35[ INFO ]QuestionnaireController: >>updateQuestionnaire更新问卷测试成功
2023-06-26 10:00:35[ INFO ]QuestionnaireController: >>deleteQuestionnaire删除问卷测试成功
2023-06-26 10:00:35[ INFO ]TestController: >>test测试成功
2023-06-26 10:00:35[ INFO ]Project: >>copyConstructor复制时Project为null时的构造方法测试成功
2023-06-26 10:00:35[ INFO ]Project: >>allArgsConstructor全参构造测试成功
2023-06-26 10:00:35[ INFO ]QuestionnaireEntity: >>copyConstructor复制时Questionnaire为null时的构造方法测试成功
2023-06-26 10:00:35[ INFO ]Questionnaire: >>noArgsConstructor无参构造测试成功
2023-06-26 10:00:35[ INFO ]Questionnaire: >>allArgsConstructor全参构造测试成功
2023-06-26 10:00:35[ INFO ]QuestionnaireEntity: >>setSet方法测试成功
2023-06-26 10:00:35[ INFO ]UserEntity: >>copyConstructor复制时User为null时的构造方法测试成功
2023-06-26 10:00:35[ INFO ]UserEntity: >>allArgsConstructor全参构造测试成功
2023-06-26 10:00:36[ INFO ]ProjectEntityMapper: >>selectProjectById根据id查询项目测试成功
2023-06-26 10:00:36[ INFO ]ProjectEntityMapper: >>selectProjectByName根据名称查询项目测试成功
2023-06-26 10:00:36[ ERROR ]ProjectEntityMapper: >>deleteProjectById删除项目测试失败
2023-06-26 10:00:36[ INFO ]ProjectEntityMapper: >>selectAllProject查询所有项目测试成功
2023-06-26 10:00:36[ INFO ]ProjectEntityMapper: >>insertProject增加项目测试成功
2023-06-26 10:00:37[ INFO ]ProjectEntityMapper: >>updateProjectById修改项目测试成功
2023-06-26 10:00:37[ INFO ]QuestionnaireEntityMapper: >>insertOneTest添加问卷测试成功
2023-06-26 10:00:37[ ERROR ]QuestionnaireEntityMapper: >>deleteOneTest删除问卷测试失败
2023-06-26 10:00:37[ ERROR ]QuestionnaireEntityMapper: >>selectOneTest查询一个问卷测试失败
2023-06-26 10:00:38[ INFO ]QuestionnaireEntityMapper: >>selectAllTest查询所有问卷测试成功
2023-06-26 10:00:38[ ERROR ]QuestionnaireEntityMapper: >>updateOneTest更新问卷测试失败
2023-06-26 10:00:38[ ERROR ]UserEntityMapper: >>login登录测试失败
2023-06-26 10:00:38[ ERROR ]UserEntityMapper: >>deleteUser用户删除测试失败
2023-06-26 10:00:38[ ERROR ]UserEntityMapper: >>updateUser用户更新测试失败
2023-06-26 10:00:39[ INFO ]UserEntityMapper: >>updatePasswordByUsername用户密码修改测试成功
2023-06-26 10:00:39[ INFO ]UserEntityMapper: >>selectAll所有用户查询测试成功
2023-06-26 10:00:39[ INFO ]UserEntityMapper: >>selectPasswordByUsername用户密码查询测试成功
2023-06-26 10:00:39[ INFO ]UserEntityMapper: >>selectUser用户查询测试成功
2023-06-26 10:01:55[ INFO ]Project: >>copyConstructor复制时ProjectEntity为null时的构造方法测试成功
2023-06-26 10:01:55[ INFO ]Project: >>allArgsConstructor全参构造测试成功
2023-06-26 10:01:55[ INFO ]Questionnaire: >>copyConstructor复制时QuestionnaireEntity为null时的构造方法测试成功
2023-06-26 10:01:55[ INFO ]Questionnaire: >>copyConstructor复制时QuestionnaireEntity不为null时的构造方法测试成功
2023-06-26 10:01:55[ INFO ]Questionnaire: >>allArgsConstructor全参构造测试成功
2023-06-26 10:01:55[ INFO ]Questionnaire: >>set复制时Questionnaire的Set方法测试成功
2023-06-26 10:01:55[ INFO ]User: >>copyConstructor复制时UserEntity为null时的构造方法测试成功
2023-06-26 10:01:55[ INFO ]User: >>allArgsConstructor全参构造测试成功
2023-06-26 10:01:55[ INFO ]ChangeRequest: >>ChangeRequestToString测试成功
2023-06-26 10:01:55[ INFO ]ChangeRequest: >>ChangeRequestSetter测试成功
2023-06-26 10:01:55[ INFO ]LoginRequest: >>LoginRequest全参构造测试成功
2023-06-26 10:01:55[ INFO ]LoginRequest: >>LoginRequestToString测试成功
2023-06-26 10:01:58[ INFO ]ProjectController: >>updateProject更新项目测试成功
2023-06-26 10:01:58[ INFO ]ProjectController: >>selectProjectById根据id查询项目测试成功
2023-06-26 10:01:58[ INFO ]ProjectController: >>updateProject更新项目测试成功
2023-06-26 10:01:58[ INFO ]ProjectController: >>selectProjectByName根据名称查询项目测试成功
2023-06-26 10:01:58[ INFO ]ProjectController: >>selectAllProject所有项目查询测试成功
2023-06-26 10:01:58[ INFO ]ProjectController: >>insertProject插入项目测试成功
2023-06-26 10:01:58[ INFO ]QuestionnaireController: >>selectAllQuestionnaire所有问卷查询测试成功
2023-06-26 10:01:58[ INFO ]QuestionnaireController: >>selectQuestionnaireById根据id查询问卷测试成功
2023-06-26 10:01:58[ INFO ]QuestionnaireController: >>insertQuestionnaire新增问卷测试成功
2023-06-26 10:01:58[ INFO ]QuestionnaireController: >>updateQuestionnaire更新问卷测试成功
2023-06-26 10:01:59[ INFO ]QuestionnaireController: >>deleteQuestionnaire删除问卷测试成功
2023-06-26 10:01:59[ INFO ]TestController: >>test测试成功
2023-06-26 10:01:59[ INFO ]Project: >>copyConstructor复制时Project为null时的构造方法测试成功
2023-06-26 10:01:59[ INFO ]Project: >>allArgsConstructor全参构造测试成功
2023-06-26 10:01:59[ INFO ]QuestionnaireEntity: >>copyConstructor复制时Questionnaire为null时的构造方法测试成功
2023-06-26 10:01:59[ INFO ]Questionnaire: >>noArgsConstructor无参构造测试成功
2023-06-26 10:01:59[ INFO ]Questionnaire: >>allArgsConstructor全参构造测试成功
2023-06-26 10:01:59[ INFO ]QuestionnaireEntity: >>setSet方法测试成功
2023-06-26 10:01:59[ INFO ]UserEntity: >>copyConstructor复制时User为null时的构造方法测试成功
2023-06-26 10:01:59[ INFO ]UserEntity: >>allArgsConstructor全参构造测试成功
2023-06-26 10:02:00[ INFO ]ProjectEntityMapper: >>selectProjectById根据id查询项目测试成功
2023-06-26 10:02:00[ INFO ]ProjectEntityMapper: >>selectProjectByName根据名称查询项目测试成功
2023-06-26 10:02:00[ ERROR ]ProjectEntityMapper: >>deleteProjectById删除项目测试失败
2023-06-26 10:02:01[ INFO ]ProjectEntityMapper: >>selectAllProject查询所有项目测试成功
2023-06-26 10:02:01[ INFO ]ProjectEntityMapper: >>insertProject增加项目测试成功
2023-06-26 10:02:01[ INFO ]ProjectEntityMapper: >>updateProjectById修改项目测试成功
2023-06-26 10:02:01[ INFO ]QuestionnaireEntityMapper: >>insertOneTest添加问卷测试成功
2023-06-26 10:02:01[ ERROR ]QuestionnaireEntityMapper: >>deleteOneTest删除问卷测试失败
2023-06-26 10:02:02[ ERROR ]QuestionnaireEntityMapper: >>selectOneTest查询一个问卷测试失败
2023-06-26 10:02:02[ INFO ]QuestionnaireEntityMapper: >>selectAllTest查询所有问卷测试成功
2023-06-26 10:02:02[ ERROR ]QuestionnaireEntityMapper: >>updateOneTest更新问卷测试失败
2023-06-26 10:02:02[ ERROR ]UserEntityMapper: >>login登录测试失败
2023-06-26 10:02:03[ ERROR ]UserEntityMapper: >>deleteUser用户删除测试失败
2023-06-26 10:02:03[ ERROR ]UserEntityMapper: >>updateUser用户更新测试失败
2023-06-26 10:02:04[ INFO ]UserEntityMapper: >>updatePasswordByUsername用户密码修改测试成功
2023-06-26 10:02:04[ INFO ]UserEntityMapper: >>selectAll所有用户查询测试成功
2023-06-26 10:02:04[ INFO ]UserEntityMapper: >>selectPasswordByUsername用户密码查询测试成功
2023-06-26 10:02:05[ INFO ]UserEntityMapper: >>selectUser用户查询测试成功
2023-06-26 10:09:38[ INFO ]Project: >>copyConstructor复制时ProjectEntity为null时的构造方法测试成功
2023-06-26 10:09:38[ INFO ]Project: >>allArgsConstructor全参构造测试成功
2023-06-26 10:09:38[ INFO ]Questionnaire: >>copyConstructor复制时QuestionnaireEntity为null时的构造方法测试成功
2023-06-26 10:09:38[ INFO ]Questionnaire: >>copyConstructor复制时QuestionnaireEntity不为null时的构造方法测试成功
2023-06-26 10:09:38[ INFO ]Questionnaire: >>allArgsConstructor全参构造测试成功
2023-06-26 10:09:38[ INFO ]Questionnaire: >>set复制时Questionnaire的Set方法测试成功
2023-06-26 10:09:38[ INFO ]User: >>copyConstructor复制时UserEntity为null时的构造方法测试成功
2023-06-26 10:09:38[ INFO ]User: >>allArgsConstructor全参构造测试成功
2023-06-26 10:09:38[ INFO ]ChangeRequest: >>ChangeRequestToString测试成功
2023-06-26 10:09:38[ INFO ]ChangeRequest: >>ChangeRequestSetter测试成功
2023-06-26 10:09:38[ INFO ]LoginRequest: >>LoginRequest全参构造测试成功
2023-06-26 10:09:38[ INFO ]LoginRequest: >>LoginRequestToString测试成功
2023-06-26 10:09:48[ INFO ]ProjectController: >>updateProject更新项目测试成功
2023-06-26 10:09:48[ INFO ]ProjectController: >>selectProjectById根据id查询项目测试成功
2023-06-26 10:09:48[ INFO ]ProjectController: >>updateProject更新项目测试成功
2023-06-26 10:09:48[ INFO ]ProjectController: >>selectProjectByName根据名称查询项目测试成功
2023-06-26 10:09:48[ INFO ]ProjectController: >>selectAllProject所有项目查询测试成功
2023-06-26 10:09:48[ INFO ]ProjectController: >>insertProject插入项目测试成功
2023-06-26 10:09:48[ INFO ]QuestionnaireController: >>selectAllQuestionnaire所有问卷查询测试成功
2023-06-26 10:09:49[ INFO ]QuestionnaireController: >>selectQuestionnaireById根据id查询问卷测试成功
2023-06-26 10:09:49[ INFO ]QuestionnaireController: >>insertQuestionnaire新增问卷测试成功
2023-06-26 10:09:49[ INFO ]QuestionnaireController: >>updateQuestionnaire更新问卷测试成功
2023-06-26 10:09:49[ INFO ]QuestionnaireController: >>deleteQuestionnaire删除问卷测试成功
2023-06-26 10:09:49[ INFO ]TestController: >>test测试成功
2023-06-26 10:09:49[ INFO ]Project: >>copyConstructor复制时Project为null时的构造方法测试成功
2023-06-26 10:09:49[ INFO ]Project: >>allArgsConstructor全参构造测试成功
2023-06-26 10:09:49[ INFO ]QuestionnaireEntity: >>copyConstructor复制时Questionnaire为null时的构造方法测试成功
2023-06-26 10:09:49[ INFO ]Questionnaire: >>noArgsConstructor无参构造测试成功
2023-06-26 10:09:49[ INFO ]Questionnaire: >>allArgsConstructor全参构造测试成功
2023-06-26 10:09:49[ INFO ]QuestionnaireEntity: >>setSet方法测试成功
2023-06-26 10:09:49[ INFO ]UserEntity: >>copyConstructor复制时User为null时的构造方法测试成功
2023-06-26 10:09:49[ INFO ]UserEntity: >>allArgsConstructor全参构造测试成功
2023-06-26 10:09:49[ INFO ]ProjectEntityMapper: >>selectProjectById根据id查询项目测试成功
2023-06-26 10:09:49[ INFO ]ProjectEntityMapper: >>selectProjectByName根据名称查询项目测试成功
2023-06-26 10:09:49[ ERROR ]ProjectEntityMapper: >>deleteProjectById删除项目测试失败
2023-06-26 10:09:50[ INFO ]ProjectEntityMapper: >>selectAllProject查询所有项目测试成功
2023-06-26 10:09:50[ INFO ]ProjectEntityMapper: >>insertProject增加项目测试成功
2023-06-26 10:09:50[ INFO ]ProjectEntityMapper: >>updateProjectById修改项目测试成功
2023-06-26 10:09:50[ INFO ]QuestionnaireEntityMapper: >>insertOneTest添加问卷测试成功
2023-06-26 10:09:51[ ERROR ]QuestionnaireEntityMapper: >>deleteOneTest删除问卷测试失败
2023-06-26 10:09:51[ ERROR ]QuestionnaireEntityMapper: >>selectOneTest查询一个问卷测试失败
2023-06-26 10:09:51[ INFO ]QuestionnaireEntityMapper: >>selectAllTest查询所有问卷测试成功
2023-06-26 10:09:51[ ERROR ]QuestionnaireEntityMapper: >>updateOneTest更新问卷测试失败
2023-06-26 10:09:51[ ERROR ]UserEntityMapper: >>login登录测试失败
2023-06-26 10:09:52[ ERROR ]UserEntityMapper: >>deleteUser用户删除测试失败
2023-06-26 10:09:52[ ERROR ]UserEntityMapper: >>updateUser用户更新测试失败
2023-06-26 10:09:52[ INFO ]UserEntityMapper: >>updatePasswordByUsername用户密码修改测试成功
2023-06-26 10:09:52[ INFO ]UserEntityMapper: >>selectAll所有用户查询测试成功
2023-06-26 10:09:53[ INFO ]UserEntityMapper: >>selectPasswordByUsername用户密码查询测试成功
2023-06-26 10:09:53[ INFO ]UserEntityMapper: >>selectUser用户查询测试成功
2023-06-26 10:25:22[ INFO ]Project: >>copyConstructor复制时ProjectEntity为null时的构造方法测试成功
2023-06-26 10:25:22[ INFO ]Project: >>allArgsConstructor全参构造测试成功
2023-06-26 10:25:22[ INFO ]Questionnaire: >>copyConstructor复制时QuestionnaireEntity为null时的构造方法测试成功
2023-06-26 10:25:22[ INFO ]Questionnaire: >>copyConstructor复制时QuestionnaireEntity不为null时的构造方法测试成功
2023-06-26 10:25:22[ INFO ]Questionnaire: >>allArgsConstructor全参构造测试成功
2023-06-26 10:25:22[ INFO ]Questionnaire: >>set复制时Questionnaire的Set方法测试成功
2023-06-26 10:25:22[ INFO ]User: >>copyConstructor复制时UserEntity为null时的构造方法测试成功
2023-06-26 10:25:22[ INFO ]User: >>allArgsConstructor全参构造测试成功
2023-06-26 10:25:22[ INFO ]ChangeRequest: >>ChangeRequestToString测试成功
2023-06-26 10:25:22[ INFO ]ChangeRequest: >>ChangeRequestSetter测试成功
2023-06-26 10:25:22[ INFO ]LoginRequest: >>LoginRequest全参构造测试成功
2023-06-26 10:25:22[ INFO ]LoginRequest: >>LoginRequestToString测试成功
2023-06-26 10:25:25[ INFO ]ProjectController: >>updateProject更新项目测试成功
2023-06-26 10:25:25[ INFO ]ProjectController: >>selectProjectById根据id查询项目测试成功
2023-06-26 10:25:25[ INFO ]ProjectController: >>updateProject更新项目测试成功
2023-06-26 10:25:25[ INFO ]ProjectController: >>selectProjectByName根据名称查询项目测试成功
2023-06-26 10:25:25[ INFO ]ProjectController: >>selectAllProject所有项目查询测试成功
2023-06-26 10:25:25[ INFO ]ProjectController: >>insertProject插入项目测试成功
2023-06-26 10:25:25[ INFO ]QuestionnaireController: >>selectAllQuestionnaire所有问卷查询测试成功
2023-06-26 10:25:25[ INFO ]QuestionnaireController: >>selectQuestionnaireById根据id查询问卷测试成功
2023-06-26 10:25:25[ INFO ]QuestionnaireController: >>insertQuestionnaire新增问卷测试成功
2023-06-26 10:25:25[ INFO ]QuestionnaireController: >>updateQuestionnaire更新问卷测试成功
2023-06-26 10:25:25[ INFO ]QuestionnaireController: >>deleteQuestionnaire删除问卷测试成功
2023-06-26 10:25:25[ INFO ]TestController: >>test测试成功
2023-06-26 10:25:25[ INFO ]Project: >>copyConstructor复制时Project为null时的构造方法测试成功
2023-06-26 10:25:25[ INFO ]Project: >>allArgsConstructor全参构造测试成功
2023-06-26 10:25:25[ INFO ]QuestionnaireEntity: >>copyConstructor复制时Questionnaire为null时的构造方法测试成功
2023-06-26 10:25:25[ INFO ]Questionnaire: >>noArgsConstructor无参构造测试成功
2023-06-26 10:25:25[ INFO ]Questionnaire: >>allArgsConstructor全参构造测试成功
2023-06-26 10:25:25[ INFO ]QuestionnaireEntity: >>setSet方法测试成功
2023-06-26 10:25:25[ INFO ]UserEntity: >>copyConstructor复制时User为null时的构造方法测试成功
2023-06-26 10:25:25[ INFO ]UserEntity: >>allArgsConstructor全参构造测试成功
2023-06-26 10:25:26[ INFO ]ProjectEntityMapper: >>selectProjectById根据id查询项目测试成功
2023-06-26 10:25:26[ INFO ]ProjectEntityMapper: >>selectProjectByName根据名称查询项目测试成功
2023-06-26 10:25:26[ ERROR ]ProjectEntityMapper: >>deleteProjectById删除项目测试失败
2023-06-26 10:25:26[ INFO ]ProjectEntityMapper: >>selectAllProject查询所有项目测试成功
2023-06-26 10:25:27[ INFO ]ProjectEntityMapper: >>insertProject增加项目测试成功
2023-06-26 10:25:27[ INFO ]ProjectEntityMapper: >>updateProjectById修改项目测试成功
2023-06-26 10:25:27[ INFO ]QuestionnaireEntityMapper: >>insertOneTest添加问卷测试成功
2023-06-26 10:25:27[ ERROR ]QuestionnaireEntityMapper: >>deleteOneTest删除问卷测试失败
2023-06-26 10:25:27[ ERROR ]QuestionnaireEntityMapper: >>selectOneTest查询一个问卷测试失败
2023-06-26 10:25:28[ INFO ]QuestionnaireEntityMapper: >>selectAllTest查询所有问卷测试成功
2023-06-26 10:25:28[ ERROR ]QuestionnaireEntityMapper: >>updateOneTest更新问卷测试失败
2023-06-26 10:25:28[ ERROR ]UserEntityMapper: >>login登录测试失败
2023-06-26 10:25:28[ ERROR ]UserEntityMapper: >>deleteUser用户删除测试失败
2023-06-26 10:25:28[ ERROR ]UserEntityMapper: >>updateUser用户更新测试失败
2023-06-26 10:25:29[ INFO ]UserEntityMapper: >>updatePasswordByUsername用户密码修改测试成功
2023-06-26 10:25:29[ INFO ]UserEntityMapper: >>selectAll所有用户查询测试成功
2023-06-26 10:25:29[ INFO ]UserEntityMapper: >>selectPasswordByUsername用户密码查询测试成功
2023-06-26 10:25:29[ INFO ]UserEntityMapper: >>selectUser用户查询测试成功
