2023-06-02 12:46:18[ INFO ]>>login登录测试成功
2023-06-02 12:46:18[ INFO ]>>selectUserIdByUsername用户查询测试成功
2023-06-02 12:46:19[ ERROR ]>>deleteUser用户删除测试失败
2023-06-02 12:46:19[ INFO ]>>selectAll所有用户查询测试成功
2023-06-02 12:46:19[ INFO ]>>insertUser用户插入测试成功
2023-06-02 12:46:20[ ERROR ]>>selectUser用户查询测试失败
2023-06-02 13:32:05[ INFO ]>>login登录测试成功
2023-06-02 13:32:05[ INFO ]>>selectUserIdByUsername用户查询测试成功
2023-06-02 13:32:05[ ERROR ]>>deleteUser用户删除测试失败
2023-06-02 13:32:06[ INFO ]>>selectAll所有用户查询测试成功
2023-06-02 13:32:58[ ERROR ]>>selectUser用户查询测试失败
2023-06-02 13:33:28[ INFO ]>>login登录测试成功
2023-06-02 13:33:29[ INFO ]>>selectUserIdByUsername用户查询测试成功
2023-06-02 13:33:29[ ERROR ]>>deleteUser用户删除测试失败
2023-06-02 13:33:29[ INFO ]>>selectAll所有用户查询测试成功
2023-06-02 13:33:30[ INFO ]>>insertUser用户插入测试成功
2023-06-02 13:33:30[ ERROR ]>>selectUser用户查询测试失败
2023-06-02 13:37:54[ INFO ]>>login登录测试成功
2023-06-02 13:37:54[ INFO ]>>selectUserIdByUsername用户查询测试成功
2023-06-02 13:37:55[ ERROR ]>>deleteUser用户删除测试失败
2023-06-02 13:37:55[ INFO ]>>selectAll所有用户查询测试成功
2023-06-02 13:38:39[ INFO ]>>login登录测试成功
2023-06-02 13:38:40[ INFO ]>>selectUserIdByUsername用户查询测试成功
2023-06-02 13:38:40[ ERROR ]>>deleteUser用户删除测试失败
2023-06-02 13:38:40[ INFO ]>>selectAll所有用户查询测试成功
2023-06-02 13:38:41[ INFO ]>>insertUser用户插入测试成功
2023-06-02 13:38:41[ ERROR ]>>selectUser用户查询测试失败
